2025-03-27 11:58:42 [main] INFO  Log - Starting WebDriver...
2025-03-27 11:58:44 [main] INFO  Log - Navigating To URL...
2025-03-27 11:58:44 [main] INFO  Log - Starting Login Test...
2025-03-27 11:58:44 [main] INFO  Log - Entering Credentials...
2025-03-27 11:58:45 [main] INFO  Log - Clicking Login button...
2025-03-27 11:58:45 [main] INFO  Log - Verifying Page Title...
2025-03-27 11:58:46 [main] INFO  Log - Closing Browser...
2025-03-27 12:52:29 [main] INFO  Log - Starting WebDriver...
2025-03-27 12:52:30 [main] INFO  Log - Navigating To URL...
2025-03-27 12:52:31 [main] INFO  Log - Starting Login Test...
2025-03-27 12:52:31 [main] INFO  Log - Entering Credentials...
2025-03-27 12:52:32 [main] INFO  Log - Clicking Login button...
2025-03-27 12:52:32 [main] INFO  Log - Verifying Page Title...
2025-03-27 12:52:33 [main] INFO  Log - Closing Browser...
2025-03-27 12:54:19 [main] INFO  Log - Starting WebDriver...
2025-03-27 12:54:20 [main] INFO  Log - Navigating To URL...
2025-03-27 12:54:21 [main] INFO  Log - Starting Login Test...
2025-03-27 12:54:21 [main] INFO  Log - Entering Credentials...
2025-03-27 12:54:22 [main] INFO  Log - Clicking Login button...
2025-03-27 12:54:22 [main] INFO  Log - Verifying Page Title...
2025-03-27 12:54:23 [main] INFO  Log - Closing Browser...
2025-03-27 13:22:52 [main] INFO  Log - Starting WebDriver...
2025-03-27 13:22:53 [main] INFO  Log - Navigating To URL...
2025-03-27 13:22:55 [main] INFO  Log - Starting Login Test...
2025-03-27 13:22:55 [main] INFO  Log - Entering Credentials...
2025-03-27 13:22:55 [main] INFO  Log - Clicking Login button...
2025-03-27 13:22:55 [main] INFO  Log - Verifying Page Title...
2025-03-27 13:22:56 [main] INFO  Log - Closing Browser...
2025-03-27 13:27:25 [main] INFO  Log - Starting WebDriver...
2025-03-27 13:27:26 [main] INFO  Log - Navigating To URL...
2025-03-27 13:27:27 [main] INFO  Log - Starting Login Test...
2025-03-27 13:27:27 [main] INFO  Log - Entering Credentials...
2025-03-27 13:27:27 [main] INFO  Log - Clicking Login button...
2025-03-27 13:27:27 [main] INFO  Log - Verifying Page Title...
2025-03-27 13:27:29 [main] INFO  Log - Closing Browser...
2025-03-27 13:34:23 [main] INFO  Log - Starting WebDriver...
2025-03-27 13:34:24 [main] INFO  Log - Navigating To URL...
2025-03-27 13:34:25 [main] INFO  Log - Starting Login Test...
2025-03-27 13:34:25 [main] INFO  Log - Entering Credentials...
2025-03-27 13:34:25 [main] INFO  Log - Clicking Login button...
2025-03-27 13:34:25 [main] INFO  Log - Verifying Page Title...
2025-03-27 13:34:26 [main] INFO  Log - Closing Browser...
2025-03-27 13:34:48 [main] INFO  Log - Starting WebDriver...
2025-03-27 13:34:49 [main] INFO  Log - Navigating To URL...
2025-03-27 13:34:49 [main] INFO  Log - Starting WebDriver...
2025-03-27 13:34:50 [main] INFO  Log - Starting Login Test...
2025-03-27 13:34:50 [main] INFO  Log - Entering Credentials...
2025-03-27 13:34:50 [main] INFO  Log - Navigating To URL...
2025-03-27 13:34:51 [main] INFO  Log - Clicking Login button...
2025-03-27 13:34:51 [main] INFO  Log - Verifying Page Title...
2025-03-27 13:34:52 [main] INFO  Log - Starting Login Test...
2025-03-27 13:34:52 [main] INFO  Log - Entering Credentials...
2025-03-27 13:34:52 [main] INFO  Log - Closing Browser...
2025-03-27 13:34:52 [main] INFO  Log - Clicking Login button...
2025-03-27 13:34:53 [main] INFO  Log - Verifying Page Title...
2025-03-27 13:34:54 [main] INFO  Log - Closing Browser...
2025-03-28 12:13:38 [main] INFO  Log - Starting WebDriver...
2025-03-28 12:13:40 [main] INFO  Log - Navigating To URL...
2025-03-28 12:13:41 [main] INFO  Log - Starting Login Test...
2025-03-28 12:13:41 [main] INFO  Log - Entering Credentials...
2025-03-28 12:13:43 [main] INFO  Log - Closing Browser...
2025-03-28 12:13:43 [main] INFO  Log - Starting WebDriver...
2025-03-28 12:13:44 [main] INFO  Log - Navigating To URL...
2025-03-28 12:13:45 [main] INFO  Log - Starting Login Test...
2025-03-28 12:13:45 [main] INFO  Log - Entering Credentials...
2025-03-28 12:13:46 [main] INFO  Log - Closing Browser...
2025-03-28 12:19:49 [main] INFO  Log - Starting WebDriver...
2025-03-28 12:19:50 [main] INFO  Log - Navigating To URL...
2025-03-28 12:19:51 [main] INFO  Log - Starting Login Test...
2025-03-28 12:19:51 [main] INFO  Log - Entering Credentials...
2025-03-28 12:19:52 [main] INFO  Log - Closing Browser...
2025-03-28 20:48:57 [main] INFO  Log - Starting WebDriver...
2025-03-28 20:48:59 [main] INFO  Log - Navigating To URL...
2025-03-28 20:49:00 [main] INFO  Log - Starting Login Test...
2025-03-28 20:49:00 [main] INFO  Log - Entering Credentials...
2025-03-28 20:49:02 [main] INFO  Log - Closing Browser...
2025-03-28 20:49:02 [main] INFO  Log - Starting WebDriver...
2025-03-28 20:49:02 [main] INFO  Log - Navigating To URL...
2025-03-28 20:49:03 [main] INFO  Log - Starting Login Test...
2025-03-28 20:49:03 [main] INFO  Log - Entering Credentials...
2025-03-28 20:49:04 [main] INFO  Log - Closing Browser...
2025-03-29 12:16:33 [main] INFO  Log - Starting WebDriver...
2025-03-29 12:16:35 [main] INFO  Log - Navigating To URL...
2025-03-29 12:16:36 [main] INFO  Log - Starting Login Test...
2025-03-29 12:16:37 [main] INFO  Log - Entering Credentials...
2025-03-29 12:16:38 [main] INFO  Log - Closing Browser...
2025-03-29 12:16:38 [main] INFO  Log - Starting WebDriver...
2025-03-29 12:16:39 [main] INFO  Log - Navigating To URL...
2025-03-29 12:16:40 [main] INFO  Log - Starting Login Test...
2025-03-29 12:16:40 [main] INFO  Log - Entering Credentials...
2025-03-29 12:16:42 [main] INFO  Log - Closing Browser...
